This is pdfTeX, Version 3.141592653-2.6-1.40.22 (TeX Live 2022/dev/Debian) (preloaded format=pdflatex 2023.9.28)  5 OCT 2023 18:40
entering extended mode
 \write18 enabled.
 %&-line parsing enabled.
**main.tex -o main.pdf
(./main.tex
LaTeX2e <2021-11-15> patch level 1
L3 programming layer <2022-01-21>
(/usr/share/texlive/texmf-dist/tex/latex/base/article.cls
Document Class: article 2021/10/04 v1.4n Standard LaTeX document class
(/usr/share/texlive/texmf-dist/tex/latex/base/size10.clo
File: size10.clo 2021/10/04 v1.4n Standard LaTeX file (size option)
)
\c@part=\count185
\c@section=\count186
\c@subsection=\count187
\c@subsubsection=\count188
\c@paragraph=\count189
\c@subparagraph=\count190
\c@figure=\count191
\c@table=\count192
\abovecaptionskip=\skip47
\belowcaptionskip=\skip48
\bibindent=\dimen138
)
(/usr/share/texlive/texmf-dist/tex/latex/graphviz/graphviz.sty
Package: graphviz 2013/08/15 v0.94 .dtx graphviz file

(/usr/share/texlive/texmf-dist/tex/latex/graphics/graphicx.sty
Package: graphicx 2021/09/16 v1.2d Enhanced LaTeX Graphics (DPC,SPQR)

(/usr/share/texlive/texmf-dist/tex/latex/graphics/keyval.sty
Package: keyval 2014/10/28 v1.15 key=value parser (DPC)
\KV@toks@=\toks16
)
(/usr/share/texlive/texmf-dist/tex/latex/graphics/graphics.sty
Package: graphics 2021/03/04 v1.4d Standard LaTeX Graphics (DPC,SPQR)

(/usr/share/texlive/texmf-dist/tex/latex/graphics/trig.sty
Package: trig 2021/08/11 v1.11 sin cos tan (DPC)
)
(/usr/share/texlive/texmf-dist/tex/latex/graphics-cfg/graphics.cfg
File: graphics.cfg 2016/06/04 v1.11 sample graphics configuration
)
Package graphics Info: Driver file: pdftex.def on input line 107.

(/usr/share/texlive/texmf-dist/tex/latex/graphics-def/pdftex.def
File: pdftex.def 2020/10/05 v1.2a Graphics/color driver for pdftex
))
\Gin@req@height=\dimen139
\Gin@req@width=\dimen140
))
(/usr/share/texlive/texmf-dist/tex/latex/amsmath/amsmath.sty
Package: amsmath 2021/10/15 v2.17l AMS math features
\@mathmargin=\skip49

For additional information on amsmath, use the `?' option.
(/usr/share/texlive/texmf-dist/tex/latex/amsmath/amstext.sty
Package: amstext 2021/08/26 v2.01 AMS text

(/usr/share/texlive/texmf-dist/tex/latex/amsmath/amsgen.sty
File: amsgen.sty 1999/11/30 v2.0 generic functions
\@emptytoks=\toks17
\ex@=\dimen141
))
(/usr/share/texlive/texmf-dist/tex/latex/amsmath/amsbsy.sty
Package: amsbsy 1999/11/29 v1.2d Bold Symbols
\pmbraise@=\dimen142
)
(/usr/share/texlive/texmf-dist/tex/latex/amsmath/amsopn.sty
Package: amsopn 2021/08/26 v2.02 operator names
)
\inf@bad=\count193
LaTeX Info: Redefining \frac on input line 234.
\uproot@=\count194
\leftroot@=\count195
LaTeX Info: Redefining \overline on input line 399.
\classnum@=\count196
\DOTSCASE@=\count197
LaTeX Info: Redefining \ldots on input line 496.
LaTeX Info: Redefining \dots on input line 499.
LaTeX Info: Redefining \cdots on input line 620.
\Mathstrutbox@=\box50
\strutbox@=\box51
\big@size=\dimen143
LaTeX Font Info:    Redeclaring font encoding OML on input line 743.
LaTeX Font Info:    Redeclaring font encoding OMS on input line 744.
\macc@depth=\count198
\c@MaxMatrixCols=\count199
\dotsspace@=\muskip16
\c@parentequation=\count266
\dspbrk@lvl=\count267
\tag@help=\toks18
\row@=\count268
\column@=\count269
\maxfields@=\count270
\andhelp@=\toks19
\eqnshift@=\dimen144
\alignsep@=\dimen145
\tagshift@=\dimen146
\tagwidth@=\dimen147
\totwidth@=\dimen148
\lineht@=\dimen149
\@envbody=\toks20
\multlinegap=\skip50
\multlinetaggap=\skip51
\mathdisplay@stack=\toks21
LaTeX Info: Redefining \[ on input line 2938.
LaTeX Info: Redefining \] on input line 2939.
)
(/usr/share/texlive/texmf-dist/tex/latex/l3backend/l3backend-pdftex.def
File: l3backend-pdftex.def 2022-01-12 L3 backend support: PDF output (pdfTeX)
\l__color_backend_stack_int=\count271
\l__pdf_internal_box=\box52
)
(./main.aux)
\openout1 = `main.aux'.

LaTeX Font Info:    Checking defaults for OML/cmm/m/it on input line 7.
LaTeX Font Info:    ... okay on input line 7.
LaTeX Font Info:    Checking defaults for OMS/cmsy/m/n on input line 7.
LaTeX Font Info:    ... okay on input line 7.
LaTeX Font Info:    Checking defaults for OT1/cmr/m/n on input line 7.
LaTeX Font Info:    ... okay on input line 7.
LaTeX Font Info:    Checking defaults for T1/cmr/m/n on input line 7.
LaTeX Font Info:    ... okay on input line 7.
LaTeX Font Info:    Checking defaults for TS1/cmr/m/n on input line 7.
LaTeX Font Info:    ... okay on input line 7.
LaTeX Font Info:    Checking defaults for OMX/cmex/m/n on input line 7.
LaTeX Font Info:    ... okay on input line 7.
LaTeX Font Info:    Checking defaults for U/cmr/m/n on input line 7.
LaTeX Font Info:    ... okay on input line 7.
 (/usr/share/texlive/texmf-dist/tex/context/base/mkii/supp-pdf.mkii
[Loading MPS to PDF converter (version 2006.09.02).]
\scratchcounter=\count272
\scratchdimen=\dimen150
\scratchbox=\box53
\nofMPsegments=\count273
\nofMParguments=\count274
\everyMPshowfont=\toks22
\MPscratchCnt=\count275
\MPscratchDim=\dimen151
\MPnumerator=\count276
\makeMPintoPDFobject=\count277
\everyMPtoPDFconversion=\toks23
) (/usr/share/texlive/texmf-dist/tex/latex/epstopdf-pkg/epstopdf-base.sty
Package: epstopdf-base 2020-01-24 v2.11 Base part for package epstopdf

(/usr/share/texlive/texmf-dist/tex/generic/infwarerr/infwarerr.sty
Package: infwarerr 2019/12/03 v1.5 Providing info/warning/error messages (HO)
)
(/usr/share/texlive/texmf-dist/tex/latex/grfext/grfext.sty
Package: grfext 2019/12/03 v1.3 Manage graphics extensions (HO)

(/usr/share/texlive/texmf-dist/tex/generic/kvdefinekeys/kvdefinekeys.sty
Package: kvdefinekeys 2019-12-19 v1.6 Define keys (HO)
))
(/usr/share/texlive/texmf-dist/tex/latex/kvoptions/kvoptions.sty
Package: kvoptions 2020-10-07 v3.14 Key value format for package options (HO)

(/usr/share/texlive/texmf-dist/tex/generic/ltxcmds/ltxcmds.sty
Package: ltxcmds 2020-05-10 v1.25 LaTeX kernel commands for general use (HO)
)
(/usr/share/texlive/texmf-dist/tex/generic/kvsetkeys/kvsetkeys.sty
Package: kvsetkeys 2019/12/15 v1.18 Key value parser (HO)
))
(/usr/share/texlive/texmf-dist/tex/generic/pdftexcmds/pdftexcmds.sty
Package: pdftexcmds 2020-06-27 v0.33 Utility functions of pdfTeX for LuaTeX (HO
)

(/usr/share/texlive/texmf-dist/tex/generic/iftex/iftex.sty
Package: iftex 2020/03/06 v1.0d TeX engine tests
)
Package pdftexcmds Info: \pdf@primitive is available.
Package pdftexcmds Info: \pdf@ifprimitive is available.
Package pdftexcmds Info: \pdfdraftmode found.
)
Package epstopdf-base Info: Redefining graphics rule for `.eps' on input line 4
85.
Package grfext Info: Graphics extension search list:
(grfext)             [.pdf,.png,.jpg,.mps,.jpeg,.jbig2,.jb2,.PDF,.PNG,.JPG,.JPE
G,.JBIG2,.JB2,.eps]
(grfext)             \AppendGraphicsExtensions on input line 504.

(/usr/share/texlive/texmf-dist/tex/latex/latexconfig/epstopdf-sys.cfg
File: epstopdf-sys.cfg 2010/07/13 v1.3 Configuration of (r)epstopdf for TeX Liv
e
))
Underfull \hbox (badness 10000) in paragraph at lines 9--14

 []

runsystem(dot -Tpdf -o stepone.pdf stepone.dot)...executed.

<stepone.pdf, id=1, 422.57875pt x 344.28625pt>
File: stepone.pdf Graphic file (type pdf)
<use stepone.pdf>
Package pdftex.def Info: stepone.pdf  used on input line 15.
(pdftex.def)             Requested size: 211.28885pt x 172.1427pt.
\dotfile=\write3
\openout3 = `stepone.dot'.

runsystem(dot -Tpdf -o steptwo.pdf steptwo.dot)...executed.

<steptwo.pdf, id=2, 422.57875pt x 344.28625pt>
File: steptwo.pdf Graphic file (type pdf)
<use steptwo.pdf>
Package pdftex.def Info: steptwo.pdf  used on input line 32.
(pdftex.def)             Requested size: 211.28885pt x 172.1427pt.
\dotfile=\write4
\openout4 = `steptwo.dot'.

runsystem(dot -Tpdf -o stepthree.pdf stepthree.dot)...executed.

<stepthree.pdf, id=3, 422.57875pt x 344.28625pt>
File: stepthree.pdf Graphic file (type pdf)
<use stepthree.pdf>
Package pdftex.def Info: stepthree.pdf  used on input line 49.
(pdftex.def)             Requested size: 211.28885pt x 172.1427pt.
\dotfile=\write5
\openout5 = `stepthree.dot'.

runsystem(dot -Tpdf -o delete.pdf delete.dot)...executed.

[1

{/var/lib/texmf/fonts/map/pdftex/updmap/pdftex.map} <./stepone.pdf> <./steptwo.
pdf

pdfTeX warning: pdflatex (file ./steptwo.pdf): PDF inclusion: multiple pdfs wit
h page group included in a single page
>]
<delete.pdf, id=25, 422.57875pt x 344.28625pt>
File: delete.pdf Graphic file (type pdf)
<use delete.pdf>
Package pdftex.def Info: delete.pdf  used on input line 68.
(pdftex.def)             Requested size: 211.28885pt x 172.1427pt.
\dotfile=\write6
\openout6 = `delete.dot'.

runsystem(dot -Tpdf -o stepfour.pdf stepfour.dot)...executed.

<stepfour.pdf, id=26, 407.5225pt x 344.28625pt>
File: stepfour.pdf Graphic file (type pdf)
<use stepfour.pdf>
Package pdftex.def Info: stepfour.pdf  used on input line 86.
(pdftex.def)             Requested size: 203.76074pt x 172.1427pt.
\dotfile=\write7
\openout7 = `stepfour.dot'.

runsystem(dot -Tpdf -o insert.pdf insert.dot)...executed.

<insert.pdf, id=27, 422.57875pt x 344.28625pt>
File: insert.pdf Graphic file (type pdf)
<use insert.pdf>
Package pdftex.def Info: insert.pdf  used on input line 104.
(pdftex.def)             Requested size: 211.28885pt x 172.1427pt.
\dotfile=\write8
\openout8 = `insert.dot'.

runsystem(dot -Tpdf -o insertHeapify.pdf insertHeapify.dot)...executed.

 [2 <./stepthree.pdf> <./delete.pdf

pdfTeX warning: pdflatex (file ./delete.pdf): PDF inclusion: multiple pdfs with
 page group included in a single page
> <./stepfour.pdf

pdfTeX warning: pdflatex (file ./stepfour.pdf): PDF inclusion: multiple pdfs wi
th page group included in a single page
>]
<insertHeapify.pdf, id=53, 422.57875pt x 344.28625pt>
File: insertHeapify.pdf Graphic file (type pdf)
<use insertHeapify.pdf>
Package pdftex.def Info: insertHeapify.pdf  used on input line 121.
(pdftex.def)             Requested size: 211.28885pt x 172.1427pt.
\dotfile=\write9
\openout9 = `insertHeapify.dot'.

runsystem(dot -Tpdf -o questiontwo.pdf questiontwo.dot)...executed.

<questiontwo.pdf, id=54, 333.245pt x 371.3875pt>
File: questiontwo.pdf Graphic file (type pdf)
<use questiontwo.pdf>
Package pdftex.def Info: questiontwo.pdf  used on input line 140.
(pdftex.def)             Requested size: 166.62209pt x 185.69328pt.
\dotfile=\write10
\openout10 = `questiontwo.dot'.


Underfull \hbox (badness 10000) in paragraph at lines 121--158

 []

[3 <./insert.pdf> <./insertHeapify.pdf

pdfTeX warning: pdflatex (file ./insertHeapify.pdf): PDF inclusion: multiple pd
fs with page group included in a single page
> <./questiontwo.pdf

pdfTeX warning: pdflatex (file ./questiontwo.pdf): PDF inclusion: multiple pdfs
 with page group included in a single page
>]
runsystem(dot -Tpdf -o btinsertone.pdf btinsertone.dot)...executed.

<btinsertone.pdf, id=80, 373.395pt x 394.47375pt>
File: btinsertone.pdf Graphic file (type pdf)
<use btinsertone.pdf>
Package pdftex.def Info: btinsertone.pdf  used on input line 159.
(pdftex.def)             Requested size: 186.69704pt x 197.23639pt.
\dotfile=\write11
\openout11 = `btinsertone.dot'.

runsystem(dot -Tpdf -o btinsertwo.pdf btinsertwo.dot)...executed.

<btinsertwo.pdf, id=81, 373.395pt x 475.7775pt>
File: btinsertwo.pdf Graphic file (type pdf)
<use btinsertwo.pdf>
Package pdftex.def Info: btinsertwo.pdf  used on input line 172.
(pdftex.def)             Requested size: 186.69704pt x 237.88815pt.
\dotfile=\write12
\openout12 = `btinsertwo.dot'.

runsystem(dot -Tpdf -o btdelete.pdf btdelete.dot)...executed.

<btdelete.pdf, id=82, 378.41376pt x 394.47375pt>
File: btdelete.pdf Graphic file (type pdf)
<use btdelete.pdf>
Package pdftex.def Info: btdelete.pdf  used on input line 187.
(pdftex.def)             Requested size: 189.2064pt x 197.23639pt.
\dotfile=\write13
\openout13 = `btdelete.dot'.


Underfull \hbox (badness 10000) in paragraph at lines 187--200

 []

[4 <./btinsertone.pdf> <./btinsertwo.pdf

pdfTeX warning: pdflatex (file ./btinsertwo.pdf): PDF inclusion: multiple pdfs 
with page group included in a single page
>]
Underfull \hbox (badness 10000) in paragraph at lines 201--217

 []


Underfull \hbox (badness 10000) in paragraph at lines 218--222

 []


Underfull \hbox (badness 10000) in paragraph at lines 218--222

 []


Underfull \hbox (badness 10000) in paragraph at lines 223--226

 []


Underfull \hbox (badness 10000) in paragraph at lines 223--226

 []


Underfull \hbox (badness 10000) in paragraph at lines 227--231

 []


Underfull \hbox (badness 10000) in paragraph at lines 227--231

 []


Underfull \hbox (badness 10000) in paragraph at lines 232--235

 []


Underfull \hbox (badness 10000) in paragraph at lines 232--235

 []


Underfull \hbox (badness 10000) in paragraph at lines 236--252

 []

[5 <./btdelete.pdf>]
Underfull \hbox (badness 10000) in paragraph at lines 253--257

 []


Underfull \hbox (badness 10000) in paragraph at lines 253--257

 []


Underfull \hbox (badness 10000) in paragraph at lines 258--261

 []


Underfull \hbox (badness 10000) in paragraph at lines 258--261

 []


Underfull \hbox (badness 10000) in paragraph at lines 262--265

 []


Underfull \hbox (badness 10000) in paragraph at lines 262--265

 []

<subsequence.png, id=115, 833.1125pt x 640.3925pt>
File: subsequence.png Graphic file (type png)
<use subsequence.png>
Package pdftex.def Info: subsequence.png  used on input line 284.
(pdftex.def)             Requested size: 416.55524pt x 320.19547pt.

Overfull \hbox (71.55524pt too wide) in paragraph at lines 266--292
[]
 []


Underfull \hbox (badness 10000) in paragraph at lines 266--292

 []


Underfull \hbox (badness 10000) in paragraph at lines 266--292

 []

[6]
Underfull \hbox (badness 10000) in paragraph at lines 293--298

 []


Underfull \hbox (badness 10000) in paragraph at lines 293--298

 []


Underfull \hbox (badness 10000) in paragraph at lines 308--319

 []


Underfull \hbox (badness 10000) in paragraph at lines 308--319

 []


Underfull \hbox (badness 10000) in paragraph at lines 308--319

 []

[7 <./subsequence.png>]
Underfull \hbox (badness 10000) in paragraph at lines 320--338

 []


Underfull \hbox (badness 10000) in paragraph at lines 320--338

 []

[8] (./main.aux) ) 
Here is how much of TeX's memory you used:
 2665 strings out of 480247
 44133 string characters out of 5896151
 339500 words of memory out of 5000000
 20590 multiletter control sequences out of 15000+600000
 470021 words of font info for 31 fonts, out of 8000000 for 9000
 14 hyphenation exceptions out of 8191
 70i,8n,76p,252b,112s stack positions out of 5000i,500n,10000p,200000b,80000s
</usr/share/texlive/texmf-dist/fonts/type1/public/amsfonts/cm
/cmbx10.pfb></usr/share/texlive/texmf-dist/fonts/type1/public/amsfonts/cm/cmmi1
0.pfb></usr/share/texlive/texmf-dist/fonts/type1/public/amsfonts/cm/cmmi7.pfb><
/usr/share/texlive/texmf-dist/fonts/type1/public/amsfonts/cm/cmr10.pfb></usr/sh
are/texlive/texmf-dist/fonts/type1/public/amsfonts/cm/cmr7.pfb>
Output written on main.pdf (8 pages, 168259 bytes).
PDF statistics:
 152 PDF objects out of 1000 (max. 8388607)
 96 compressed objects within 1 object stream
 0 named destinations out of 1000 (max. 500000)
 61 words of extra memory for PDF output out of 10000 (max. 10000000)

